Traceback (most recent call last):
  File "C:\Users\acer\AppData\Local\Programs\Python\Python311\Lib\site-packages\jupyter_cache\executors\utils.py", line 58, in single_nb_execution
    executenb(
  File "C:\Users\acer\AppData\Local\Programs\Python\Python311\Lib\site-packages\nbclient\client.py", line 1319, in execute
    return NotebookClient(nb=nb, resources=resources, km=km, **kwargs).execute()
           ^^^^^^^^^^^^^^^^^^^^^^^^^^^^^^^^^^^^^^^^^^^^^^^^^^^^^^^^^^^^^^^^^^^^^
  File "C:\Users\acer\AppData\Local\Programs\Python\Python311\Lib\site-packages\jupyter_core\utils\__init__.py", line 165, in wrapped
    return loop.run_until_complete(inner)
           ^^^^^^^^^^^^^^^^^^^^^^^^^^^^^^
  File "C:\Users\acer\AppData\Local\Programs\Python\Python311\Lib\asyncio\base_events.py", line 653, in run_until_complete
    return future.result()
           ^^^^^^^^^^^^^^^
  File "C:\Users\acer\AppData\Local\Programs\Python\Python311\Lib\site-packages\nbclient\client.py", line 709, in async_execute
    await self.async_execute_cell(
  File "C:\Users\acer\AppData\Local\Programs\Python\Python311\Lib\site-packages\nbclient\client.py", line 1062, in async_execute_cell
    await self._check_raise_for_error(cell, cell_index, exec_reply)
  File "C:\Users\acer\AppData\Local\Programs\Python\Python311\Lib\site-packages\nbclient\client.py", line 918, in _check_raise_for_error
    raise CellExecutionError.from_cell_and_msg(cell, exec_reply_content)
nbclient.exceptions.CellExecutionError: An error occurred while executing the following cell:
------------------
# 1. Mount Google Drive
from google.colab import drive
drive.mount('/content/drive')

# 2. Import pustaka yang dibutuhkan
import pandas as pd
from google.colab import files

# 3. Upload file CSV (delimiter ;)
uploaded = files.upload()

# 4. Baca nama file dan parsing dengan delimiter titik koma
filename = next(iter(uploaded))
df = pd.read_csv(filename, delimiter=';')

# 5. Tampilkan 5 baris pertama
print("📄 Data Iris:")
display(df.head())

# 6. Simpan kembali dengan format standar CSV (pakai koma) ke Google Drive
output_path = '/content/drive/MyDrive/iris_cleaned.csv'
df.to_csv(output_path, index=False)

print(f"✅ File berhasil disimpan ke Google Drive: {output_path}")
------------------


[31m---------------------------------------------------------------------------[39m
[31mModuleNotFoundError[39m                       Traceback (most recent call last)
[36mCell[39m[36m [39m[32mIn[1][39m[32m, line 2[39m
[32m      1[39m [38;5;66;03m# 1. Mount Google Drive[39;00m
[32m----> [39m[32m2[39m [38;5;28;01mfrom[39;00m[38;5;250m [39m[34;01mgoogle[39;00m[34;01m.[39;00m[34;01mcolab[39;00m[38;5;250m [39m[38;5;28;01mimport[39;00m drive
[32m      3[39m drive.mount([33m'[39m[33m/content/drive[39m[33m'[39m)
[32m      5[39m [38;5;66;03m# 2. Import pustaka yang dibutuhkan[39;00m

[31mModuleNotFoundError[39m: No module named 'google'

