Traceback (most recent call last):
  File "C:\Users\acer\AppData\Local\Programs\Python\Python311\Lib\site-packages\jupyter_cache\executors\utils.py", line 58, in single_nb_execution
    executenb(
  File "C:\Users\acer\AppData\Local\Programs\Python\Python311\Lib\site-packages\nbclient\client.py", line 1319, in execute
    return NotebookClient(nb=nb, resources=resources, km=km, **kwargs).execute()
           ^^^^^^^^^^^^^^^^^^^^^^^^^^^^^^^^^^^^^^^^^^^^^^^^^^^^^^^^^^^^^^^^^^^^^
  File "C:\Users\acer\AppData\Local\Programs\Python\Python311\Lib\site-packages\jupyter_core\utils\__init__.py", line 165, in wrapped
    return loop.run_until_complete(inner)
           ^^^^^^^^^^^^^^^^^^^^^^^^^^^^^^
  File "C:\Users\acer\AppData\Local\Programs\Python\Python311\Lib\asyncio\base_events.py", line 653, in run_until_complete
    return future.result()
           ^^^^^^^^^^^^^^^
  File "C:\Users\acer\AppData\Local\Programs\Python\Python311\Lib\site-packages\nbclient\client.py", line 709, in async_execute
    await self.async_execute_cell(
  File "C:\Users\acer\AppData\Local\Programs\Python\Python311\Lib\site-packages\nbclient\client.py", line 1062, in async_execute_cell
    await self._check_raise_for_error(cell, cell_index, exec_reply)
  File "C:\Users\acer\AppData\Local\Programs\Python\Python311\Lib\site-packages\nbclient\client.py", line 918, in _check_raise_for_error
    raise CellExecutionError.from_cell_and_msg(cell, exec_reply_content)
nbclient.exceptions.CellExecutionError: An error occurred while executing the following cell:
------------------
# Step 1: Upload file CSV
from google.colab import files
uploaded = files.upload()

# Step 2: Import library
import pandas as pd
import plotly.graph_objects as go

# Step 3: Baca file CSV
filename = list(uploaded.keys())[0]
df = pd.read_csv(filename)

# Step 4: Tampilkan tabel interaktif
fig = go.Figure(data=[go.Table(
    header=dict(
        values=list(df.columns),
        fill_color='lightblue',
        align='left',
        font=dict(color='black', size=12)
    ),
    cells=dict(
        values=[df[col] for col in df.columns],
        fill_color='white',
        align='left',
        font=dict(color='black', size=11)
    )
)])

fig.update_layout(
    width=1000,
    height=600,
    title="Tabel Interaktif: Data Cirrhosis"
)

fig.show()
------------------


[31m---------------------------------------------------------------------------[39m
[31mModuleNotFoundError[39m                       Traceback (most recent call last)
[36mCell[39m[36m [39m[32mIn[1][39m[32m, line 2[39m
[32m      1[39m [38;5;66;03m# Step 1: Upload file CSV[39;00m
[32m----> [39m[32m2[39m [38;5;28;01mfrom[39;00m[38;5;250m [39m[34;01mgoogle[39;00m[34;01m.[39;00m[34;01mcolab[39;00m[38;5;250m [39m[38;5;28;01mimport[39;00m files
[32m      3[39m uploaded = files.upload()
[32m      5[39m [38;5;66;03m# Step 2: Import library[39;00m

[31mModuleNotFoundError[39m: No module named 'google'

